14:17:08.261 [Worker-35] INFO  o.a.AndroidAnnotationProcessor:85 - Initialize AndroidAnnotations 3.0.1 with options {phase=BUILD}
14:17:08.355 [Worker-35] INFO  o.a.AndroidAnnotationProcessor:109 - Start processing for 7 annotations on 12 elements
14:17:08.382 [Worker-35] DEBUG o.a.h.AndroidManifestFinder:137 - AndroidManifest.xml file found in parent folder /Users/RDI/Downloads/ListViewAll: /Users/RDI/Downloads/ListViewAll/AndroidManifest.xml
14:17:08.386 [Worker-35] WARN  o.a.h.AndroidManifestFinder:252 - A class activity declared in the AndroidManifest.xml cannot be found in the compile path: [edu.njupt.zhb.xlistviewtest.ActivityList3_]
14:17:08.388 [Worker-35] INFO  o.a.AndroidAnnotationProcessor:172 - AndroidManifest.xml found: AndroidManifest [applicationPackage=edu.njupt.zhb.xlistviewtest, componentQualifiedNames=[edu.njupt.zhb.xlistviewtest.MainActivity_, edu.njupt.zhb.xlistviewtest.ActivityList1_, edu.njupt.zhb.xlistviewtest.ActivityList2_], permissionQualifiedNames=[], applicationClassName=null, libraryProject=false, debugabble=false, minSdkVersion=8, maxSdkVersion=-1, targetSdkVersion=17]
14:17:08.390 [Worker-35] INFO  o.a.r.ProjectRClassFinder:50 - Found project R class: edu.njupt.zhb.xlistviewtest.R
14:17:08.396 [Worker-35] INFO  o.a.r.AndroidRClassFinder:44 - Found Android class: android.R
14:17:08.422 [Worker-35] INFO  o.a.p.ModelValidator:42 - Validating elements
14:17:08.423 [Worker-35] DEBUG o.a.p.ModelValidator:62 - Validating with EActivityHandler: [edu.njupt.zhb.xlistviewtest.ActivityList2, edu.njupt.zhb.xlistviewtest.ActivityList1, edu.njupt.zhb.xlistviewtest.MainActivity]
14:17:08.428 [Worker-35] DEBUG o.a.p.ModelValidator:62 - Validating with EBeanHandler: [edu.njupt.zhb.xlistviewtest.Model]
14:17:08.429 [Worker-35] DEBUG o.a.p.ModelValidator:62 - Validating with ViewByIdHandler: [btnList3, btnList2, btnList1]
14:17:08.435 [Worker-35] DEBUG o.a.p.ModelValidator:62 - Validating with ClickHandler: [void btnList1() , void btnList3() , void btnList2() ]
14:17:08.441 [Worker-35] DEBUG o.a.p.ModelValidator:62 - Validating with ItemClickHandler: [public void listView(int) , public void onItemClick(int) ]
14:17:08.446 [Worker-35] DEBUG o.a.p.ModelValidator:62 - Validating with AfterViewsHandler: [void afterViewInitList() , void afterViewInitList() ]
14:17:08.448 [Worker-35] DEBUG o.a.p.ModelValidator:62 - Validating with UiThreadHandler: [void refreshListViewInBackground() , void loadMoreInBackground() , void refresh() ]
14:17:08.475 [Worker-35] INFO  o.a.p.ModelProcessor:73 - Processing root elements
14:17:08.476 [Worker-35] DEBUG o.a.p.ModelProcessor:80 - Processing root elements EActivityHandler: [edu.njupt.zhb.xlistviewtest.ActivityList1, edu.njupt.zhb.xlistviewtest.ActivityList2, edu.njupt.zhb.xlistviewtest.MainActivity]
14:17:08.520 [Worker-35] DEBUG o.a.p.ModelProcessor:80 - Processing root elements EBeanHandler: [edu.njupt.zhb.xlistviewtest.Model]
14:17:08.524 [Worker-35] INFO  o.a.p.ModelProcessor:104 - Processing enclosed elements
14:17:08.534 [Worker-35] INFO  o.a.AndroidAnnotationProcessor:251 - Number of files generated by AndroidAnnotations: 4
14:17:08.537 [Worker-35] INFO  o.a.g.ApiCodeGenerator:52 - Writting following API classes in project: []
14:17:08.540 [Worker-35] DEBUG o.a.g.SourceCodewriter:55 - Generating class: edu.njupt.zhb.xlistviewtest.ActivityList1_
14:17:08.558 [Worker-35] DEBUG o.a.g.SourceCodewriter:55 - Generating class: edu.njupt.zhb.xlistviewtest.ActivityList2_
14:17:08.564 [Worker-35] DEBUG o.a.g.SourceCodewriter:55 - Generating class: edu.njupt.zhb.xlistviewtest.MainActivity_
14:17:08.580 [Worker-35] DEBUG o.a.g.SourceCodewriter:55 - Generating class: edu.njupt.zhb.xlistviewtest.Model_
14:17:08.583 [Worker-35] INFO  o.a.p.TimeStats:81 - Time measurements: [Whole Processing = 228 ms], [Process Annotations = 82 ms], [Generate Sources = 49 ms], [Validate Annotations = 31 ms], [Extract Annotations = 24 ms], [Find R Classes = 21 ms], [Extract Manifest = 8 ms], 
14:17:08.584 [Worker-35] INFO  o.a.AndroidAnnotationProcessor:123 - Finish processing
